<?xml version="1.0" encoding="UTF-8"?>
<!-- Generated by org.testng.reporters.JUnitReportReporter -->
<testsuite hostname="DESKTOP-HJH8T1G" failures="0" tests="1" name="com.herokuapp.theinternet.checkboxespagetests.CheckboxesTests" time="11.414" errors="0" timestamp="2022-03-11T16:03:18 IST" skipped="0">
  <testcase classname="com.herokuapp.theinternet.checkboxespagetests.CheckboxesTests" name="selectingTwoCheckboxesTest" time="11.414"/>
  <system-out/>
</testsuite> <!-- com.herokuapp.theinternet.checkboxespagetests.CheckboxesTests -->
