<?xml version="1.0" encoding="UTF-8"?>
<!-- Generated by org.testng.reporters.JUnitReportReporter -->
<testsuite hostname="DESKTOP-HJH8T1G" failures="0" tests="1" name="com.herokuapp.theinternet.KeyPress.KeyPressTest" time="14.904" errors="0" timestamp="2022-03-08T15:09:50 IST" skipped="0">
  <testcase classname="com.herokuapp.theinternet.KeyPress.KeyPressTest" name="pressKeyTest" time="14.904"/>
  <system-out/>
</testsuite> <!-- com.herokuapp.theinternet.KeyPress.KeyPressTest -->
