<?xml version="1.0" encoding="UTF-8"?>
<!-- Generated by org.testng.reporters.JUnitReportReporter -->
<testsuite hostname="DESKTOP-HJH8T1G" failures="0" tests="1" name="com.herokuapp.theinternet.ExceptionsTests" time="27.464" errors="0" timestamp="2022-03-07T19:41:00 IST" skipped="0">
  <testcase classname="com.herokuapp.theinternet.ExceptionsTests" name="noSuchElementTests" time="27.464"/>
  <system-out/>
</testsuite> <!-- com.herokuapp.theinternet.ExceptionsTests -->
