<?xml version="1.0" encoding="UTF-8"?>
<!-- Generated by org.testng.reporters.JUnitReportReporter -->
<testsuite hostname="DESKTOP-HJH8T1G" failures="0" tests="1" name="com.herokuapp.theinternet.LoginTest" time="23.081" errors="0" timestamp="2022-03-03T13:14:43 IST" skipped="0">
  <testcase classname="com.herokuapp.theinternet.LoginTest" name="relativeXpathTest" time="23.081"/>
  <system-out/>
</testsuite> <!-- com.herokuapp.theinternet.LoginTest -->
