<?xml version="1.0" encoding="UTF-8"?>
<!-- Generated by org.testng.reporters.JUnitReportReporter -->
<testsuite hostname="DESKTOP-HJH8T1G" failures="0" tests="1" name="com.herokuapp.theinternet.hoverstests.HoversTests" time="14.275" errors="0" timestamp="2022-03-09T18:37:13 IST" skipped="0">
  <testcase classname="com.herokuapp.theinternet.hoverstests.HoversTests" name="user2profileTest" time="14.275"/>
  <system-out/>
</testsuite> <!-- com.herokuapp.theinternet.hoverstests.HoversTests -->
