<?xml version="1.0" encoding="UTF-8"?>
<!-- Generated by org.testng.reporters.JUnitReportReporter -->
<testsuite hostname="DESKTOP-HJH8T1G" failures="0" tests="1" name="com.herokuapp.theinternet.EditorTest.EditorTests" time="23.996" errors="0" timestamp="2022-03-09T20:23:22 IST" skipped="0">
  <testcase classname="com.herokuapp.theinternet.EditorTest.EditorTests" name="defaulteditorvalueTest" time="23.996"/>
  <system-out/>
</testsuite> <!-- com.herokuapp.theinternet.EditorTest.EditorTests -->
