<?xml version="1.0" encoding="UTF-8"?>
<!-- Generated by org.testng.reporters.JUnitReportReporter -->
<testsuite hostname="DESKTOP-HJH8T1G" failures="0" tests="1" name="com.herokuapp.theinternet.Windows.WindowsTest" time="17.611" errors="0" timestamp="2022-03-07T12:31:15 IST" skipped="0">
  <testcase classname="com.herokuapp.theinternet.Windows.WindowsTest" name="newWindowTest" time="17.611"/>
  <system-out/>
</testsuite> <!-- com.herokuapp.theinternet.Windows.WindowsTest -->
