<?xml version="1.0" encoding="UTF-8"?>
<!-- Generated by org.testng.reporters.JUnitReportReporter -->
<testsuite hostname="DESKTOP-HJH8T1G" failures="0" tests="1" name="com.herokuapp.theinternet.Dropdown.DropdownTest" time="41.950" errors="0" timestamp="2022-03-03T13:37:18 IST" skipped="0">
  <testcase classname="com.herokuapp.theinternet.Dropdown.DropdownTest" name="optionTwoTest" time="41.950"/>
  <system-out/>
</testsuite> <!-- com.herokuapp.theinternet.Dropdown.DropdownTest -->
