<?xml version="1.0" encoding="UTF-8"?>
<!-- Generated by org.testng.reporters.JUnitReportReporter -->
<testsuite hostname="DESKTOP-HJH8T1G" failures="0" tests="1" name="com.herokuapp.theinternet.PositiveLoginTest" time="14.156" errors="0" timestamp="2022-03-11T12:46:24 IST" skipped="0">
  <testcase classname="com.herokuapp.theinternet.PositiveLoginTest" name="loginTest" time="14.156"/>
  <system-out/>
</testsuite> <!-- com.herokuapp.theinternet.PositiveLoginTest -->
