<?xml version="1.0" encoding="UTF-8"?>
<!-- Generated by org.testng.reporters.JUnitReportReporter -->
<testsuite hostname="DESKTOP-HJH8T1G" failures="0" tests="3" name="com.herokuapp.theinternet.uploadtests.UploadTests" time="42.084" errors="0" timestamp="2022-03-10T10:55:11 IST" skipped="0">
  <testcase classname="com.herokuapp.theinternet.uploadtests.UploadTests" name="imageUploadTest" time="10.923"/>
  <system-out/>
  <testcase classname="com.herokuapp.theinternet.uploadtests.UploadTests" name="imageUploadTest" time="20.833"/>
  <system-out/>
  <testcase classname="com.herokuapp.theinternet.uploadtests.UploadTests" name="imageUploadTest" time="10.328"/>
  <system-out/>
</testsuite> <!-- com.herokuapp.theinternet.uploadtests.UploadTests -->
