<?xml version="1.0" encoding="UTF-8"?>
<!-- Generated by org.testng.reporters.JUnitReportReporter -->
<testsuite hostname="DESKTOP-HJH8T1G" failures="0" tests="1" name="com.herokuapp.theinternet.NegitiveTest" time="81.936" errors="0" timestamp="2022-01-18T21:04:23 IST" skipped="0">
  <testcase classname="com.herokuapp.theinternet.NegitiveTest" name="NegitiveLoginTest" time="81.936"/>
  <system-out/>
</testsuite> <!-- com.herokuapp.theinternet.NegitiveTest -->
