<?xml version="1.0" encoding="UTF-8"?>
<!-- Generated by org.testng.reporters.JUnitReportReporter -->
<testsuite hostname="DESKTOP-HJH8T1G" failures="0" tests="1" name="com.herokuapp.theinternet.PositiveTest" time="26.098" errors="0" timestamp="2022-01-13T15:36:22 IST" skipped="0">
  <testcase classname="com.herokuapp.theinternet.PositiveTest" name="loginTest" time="26.098"/>
  <system-out/>
</testsuite> <!-- com.herokuapp.theinternet.PositiveTest -->
