<?xml version="1.0" encoding="UTF-8"?>
<!-- Generated by org.testng.reporters.JUnitReportReporter -->
<testsuite hostname="DESKTOP-HJH8T1G" failures="0" tests="5" name="com.herokuapp.theinternet.NegitiveLoginTest" time="59.539" errors="0" timestamp="2022-03-10T16:10:48 IST" skipped="0">
  <testcase classname="com.herokuapp.theinternet.NegitiveLoginTest" name="negitiveLoginTests" time="16.578"/>
  <system-out/>
  <testcase classname="com.herokuapp.theinternet.NegitiveLoginTest" name="negitiveLoginTests" time="14.587"/>
  <system-out/>
  <testcase classname="com.herokuapp.theinternet.NegitiveLoginTest" name="negitiveLoginTests" time="11.644"/>
  <system-out/>
  <testcase classname="com.herokuapp.theinternet.NegitiveLoginTest" name="negitiveLoginTests" time="8.298"/>
  <system-out/>
  <testcase classname="com.herokuapp.theinternet.NegitiveLoginTest" name="negitiveLoginTests" time="8.432"/>
  <system-out/>
</testsuite> <!-- com.herokuapp.theinternet.NegitiveLoginTest -->
