<?xml version="1.0" encoding="UTF-8"?>
<!-- Generated by org.testng.reporters.JUnitReportReporter -->
<testsuite hostname="DESKTOP-HJH8T1G" failures="0" tests="3" name="com.herokuapp.theinternet.Alertboxes.AlertsTest" time="48.283" errors="0" timestamp="2022-03-17T17:17:57 IST" skipped="0">
  <testcase classname="com.herokuapp.theinternet.Alertboxes.AlertsTest" name="jsPromptTest" time="17.172"/>
  <system-out/>
  <testcase classname="com.herokuapp.theinternet.Alertboxes.AlertsTest" name="jsDismissTest" time="20.473"/>
  <system-out/>
  <testcase classname="com.herokuapp.theinternet.Alertboxes.AlertsTest" name="jsAlertTest" time="10.638"/>
  <system-out/>
</testsuite> <!-- com.herokuapp.theinternet.Alertboxes.AlertsTest -->
